<?xml version="1.0" encoding="UTF-8"?>
<testsuite xmlns:xsi="http://www.w3.org/2001/XMLSchema-instance" xsi:noNamespaceSchemaLocation="https://maven.apache.org/surefire/maven-surefire-plugin/xsd/surefire-test-report-3.0.xsd" version="3.0" name="com.leaveplanner.repository.InMemoryLeaveDayRepositoryTest" time="0.194" tests="1" errors="0" skipped="0" failures="0">
  <properties>
[...]
</properties>
  <testcase name="저장하면_id가_할당된다" classname="com.leaveplanner.repository.InMemoryLeaveDayRepositoryTest" time="0.12"/>
</testsuite>