<?xml version="1.0" encoding="UTF-8"?>
<testsuite xmlns:xsi="http://www.w3.org/2001/XMLSchema-instance" xsi:noNamespaceSchemaLocation="https://maven.apache.org/surefire/maven-surefire-plugin/xsd/surefire-test-report-3.0.xsd" version="3.0" name="com.leaveplanner.service.UserServiceTest" time="0.095" tests="5" errors="0" skipped="0" failures="0">
  <properties>
[...]
</properties>
  <testcase name="전체_사용자_목록을_조회할_수_있다" classname="com.leaveplanner.service.UserServiceTest" time="0.078"/>
  <testcase name="존재하지_않는_사용자_조회시_Empty_반환" classname="com.leaveplanner.service.UserServiceTest" time="0.0"/>
  <testcase name="사용자를_정상적으로_생성한다" classname="com.leaveplanner.service.UserServiceTest" time="0.001"/>
  <testcase name="id로_사용자를_조회할_수_있다" classname="com.leaveplanner.service.UserServiceTest" time="0.001"/>
  <testcase name="입대일이_정확히_저장된다" classname="com.leaveplanner.service.UserServiceTest" time="0.001"/>
</testsuite>